============================= test session starts ==============================
platform darwin -- Python 3.10.4, pytest-9.0.2, pluggy-1.6.0 -- /Users/scarndp/.pyenv/versions/3.10.4/bin/python
cachedir: .pytest_cache
rootdir: /Users/scarndp/dev/numina-systems/dod-scan
configfile: pyproject.toml
plugins: mock-3.15.1, anyio-4.9.0
collecting ... collected 88 items

tests/test_parser_extract.py::test_extract_contracts_returns_raw_contract_objects PASSED [  1%]
tests/test_parser_extract.py::test_extract_contracts_branch_assignment PASSED [  2%]
tests/test_parser_extract.py::test_extract_contracts_from_air_force PASSED [  3%]
tests/test_parser_extract.py::test_extract_contracts_preserves_raw_text PASSED [  4%]
tests/test_parser_extract.py::test_extract_contracts_skips_short_paragraphs PASSED [  5%]
tests/test_parser_extract.py::test_extract_contracts_requires_branch_header PASSED [  6%]
tests/test_parser_extract.py::test_extract_contracts_from_no_main_tag PASSED [  7%]
tests/test_parser_extract.py::test_extract_contracts_empty_html PASSED   [  9%]
tests/test_parser_extract.py::test_extract_contracts_multiple_branches PASSED [ 10%]
tests/test_parser_extract.py::test_extract_contracts_case_insensitive_branch PASSED [ 11%]
tests/test_parser_extract.py::test_raw_contract_is_frozen PASSED         [ 12%]
tests/test_parser_fields.py::test_parse_contract_boeing_air_force PASSED [ 13%]
tests/test_parser_fields.py::test_parse_contract_navy_dashless_contract_number PASSED [ 14%]
tests/test_parser_fields.py::test_parse_contract_army_corps PASSED       [ 15%]
tests/test_parser_fields.py::test_parse_contract_modification_with_code_p00045 PASSED [ 17%]
tests/test_parser_fields.py::test_parse_contract_modification_multi_code PASSED [ 18%]
tests/test_parser_fields.py::test_parse_contract_modification_word_form PASSED [ 19%]
tests/test_parser_fields.py::test_parse_contract_non_modification PASSED [ 20%]
tests/test_parser_fields.py::test_parse_contract_work_locations_with_percentages PASSED [ 21%]
tests/test_parser_fields.py::test_parse_contract_simple_work_location PASSED [ 22%]
tests/test_parser_fields.py::test_parse_contract_work_locations_tbd PASSED [ 23%]
tests/test_parser_fields.py::test_parse_contract_small_business_asterisk PASSED [ 25%]
tests/test_parser_fields.py::test_parse_contract_small_business_asterisk_other_format PASSED [ 26%]
tests/test_parser_fields.py::test_parse_contract_completion_date_by PASSED [ 27%]
tests/test_parser_fields.py::test_parse_contract_completion_date_in PASSED [ 28%]
tests/test_parser_fields.py::test_parse_contract_completion_date_abbreviated_month PASSED [ 29%]
tests/test_parser_fields.py::test_parse_contract_contracting_activity PASSED [ 30%]
tests/test_parser_fields.py::test_parse_contract_dollar_amount_no_cents PASSED [ 31%]
tests/test_parser_fields.py::test_parse_contract_dollar_amount_large PASSED [ 32%]
tests/test_parser_fields.py::test_parse_contract_contract_number_dash_format PASSED [ 34%]
tests/test_parser_fields.py::test_parse_contract_contract_number_paren_format PASSED [ 35%]
tests/test_parser_fields.py::test_parse_contract_returns_dataclass PASSED [ 36%]
tests/test_parser_fields.py::test_parse_contract_empty_text PASSED       [ 37%]
tests/test_parser_fields.py::test_parse_contract_district_of_columbia PASSED [ 38%]
tests/test_parser_orchestration.py::TestParseAllOrchestration::test_parse_all_returns_contract_count PASSED [ 39%]
tests/test_parser_orchestration.py::TestParseAllOrchestration::test_parse_all_inserts_contracts_to_db PASSED [ 40%]
tests/test_parser_orchestration.py::TestParseAllOrchestration::test_parse_all_preserves_raw_text PASSED [ 42%]
tests/test_parser_orchestration.py::TestParseAllOrchestration::test_parse_all_extracts_boeing_air_force_contract PASSED [ 43%]
tests/test_parser_orchestration.py::TestParseAllOrchestration::test_parse_all_extracts_navy_dashless_contract_number PASSED [ 44%]
tests/test_parser_orchestration.py::TestParseAllOrchestration::test_parse_all_extracts_modification_code PASSED [ 45%]
tests/test_parser_orchestration.py::TestParseAllOrchestration::test_parse_all_extracts_multi_code_modification PASSED [ 46%]
tests/test_parser_orchestration.py::TestParseAllOrchestration::test_parse_all_extracts_work_locations_with_percentages PASSED [ 47%]
tests/test_parser_orchestration.py::TestParseAllOrchestration::test_parse_all_extracts_simple_work_location PASSED [ 48%]
tests/test_parser_orchestration.py::TestParseAllOrchestration::test_parse_all_extracts_tbd_work_locations PASSED [ 50%]
tests/test_parser_orchestration.py::TestParseAllOrchestration::test_parse_all_strips_small_business_asterisk PASSED [ 51%]
tests/test_parser_orchestration.py::TestParseAllOrchestration::test_parse_all_strips_asterisk_other_format PASSED [ 52%]
tests/test_parser_orchestration.py::TestParseAllOrchestration::test_parse_all_branch_assignment PASSED [ 53%]
tests/test_parser_orchestration.py::TestParseAllOrchestration::test_parse_all_idempotency PASSED [ 54%]
tests/test_parser_orchestration.py::TestParseAllOrchestration::test_parse_all_skips_article_with_existing_contracts PASSED [ 55%]
tests/test_parser_orchestration.py::TestParseAllOrchestration::test_parse_all_stores_timestamp PASSED [ 56%]
tests/test_parser_orchestration.py::TestParseAllOrchestration::test_parse_all_extracts_contracting_activity PASSED [ 57%]
tests/test_parser_orchestration.py::TestParseAllOrchestration::test_parse_all_extracts_completion_date PASSED [ 59%]
tests/test_scraper_fetch.py::test_fetch_page_success_httpx PASSED        [ 60%]
tests/test_scraper_fetch.py::test_fetch_page_403_falls_back_to_playwright PASSED [ 61%]
tests/test_scraper_fetch.py::test_fetch_page_timeout_error PASSED        [ 62%]
tests/test_scraper_fetch.py::test_fetch_page_http_error PASSED           [ 63%]
tests/test_scraper_fetch.py::test_fetch_page_non_200_non_403_error PASSED [ 64%]
tests/test_scraper_fetch.py::test_browser_headers_realistic PASSED       [ 65%]
tests/test_scraper_fetch.py::test_fetch_page_custom_timeout PASSED       [ 67%]
tests/test_scraper_fetch.py::test_fetch_playwright_not_installed PASSED  [ 68%]
tests/test_scraper_fetch.py::test_fetch_playwright_failure PASSED        [ 69%]
tests/test_scraper_fetch.py::test_fetch_page_follow_redirects PASSED     [ 70%]
tests/test_scraper_orchestration.py::test_scrape_backfill_0_stores_single_page PASSED [ 71%]
tests/test_scraper_orchestration.py::test_scrape_backfill_2_fetches_multiple_pages PASSED [ 72%]
tests/test_scraper_orchestration.py::test_scrape_skips_existing_articles PASSED [ 73%]
tests/test_scraper_orchestration.py::test_scrape_stores_publish_date PASSED [ 75%]
tests/test_scraper_orchestration.py::test_scrape_stores_raw_html PASSED  [ 76%]
tests/test_scraper_orchestration.py::test_scrape_stores_scraped_at_timestamp PASSED [ 77%]
tests/test_scraper_orchestration.py::test_scrape_returns_count_of_stored_articles PASSED [ 78%]
tests/test_scraper_orchestration.py::test_scrape_logs_on_fetch_failure PASSED [ 79%]
tests/test_scraper_orchestration.py::test_scrape_handles_article_with_no_publish_date PASSED [ 80%]
tests/test_scraper_parse.py::test_extract_article_links_basic PASSED     [ 81%]
tests/test_scraper_parse.py::test_extract_article_links_from_page_2 PASSED [ 82%]
tests/test_scraper_parse.py::test_article_link_is_frozen PASSED          [ 84%]
tests/test_scraper_parse.py::test_build_index_url_page_1 PASSED          [ 85%]
tests/test_scraper_parse.py::test_build_index_url_page_2 PASSED          [ 86%]
tests/test_scraper_parse.py::test_build_index_url_page_n PASSED          [ 87%]
tests/test_scraper_parse.py::test_build_index_url_default PASSED         [ 88%]
tests/test_scraper_parse.py::test_extract_publish_date_lowercase PASSED  [ 89%]
tests/test_scraper_parse.py::test_extract_publish_date_uppercase PASSED  [ 90%]
tests/test_scraper_parse.py::test_extract_publish_date_mixed_case PASSED [ 92%]
tests/test_scraper_parse.py::test_extract_publish_date_without_comma PASSED [ 93%]
tests/test_scraper_parse.py::test_extract_publish_date_no_match PASSED   [ 94%]
tests/test_scraper_parse.py::test_extract_publish_date_singular PASSED   [ 95%]
tests/test_scraper_parse.py::test_extract_article_links_absolute_urls PASSED [ 96%]
tests/test_scraper_parse.py::test_extract_article_links_missing_title_p PASSED [ 97%]
tests/test_scraper_parse.py::test_extract_article_links_missing_anchor PASSED [ 98%]
tests/test_scraper_parse.py::test_extract_article_links_malformed_url PASSED [100%]

============================== 88 passed in 0.65s ==============================
